-------------------------------------------------------------------------------
Test set: br.com.project.ApiwebApplicationTests
-------------------------------------------------------------------------------
Tests run: 1, Failures: 0, Errors: 1, Skipped: 0, Time elapsed: 2.811 s <<< FAILURE! - in br.com.project.ApiwebApplicationTests
contextLoads(br.com.project.ApiwebApplicationTests)  Time elapsed: 0.006 s  <<< ERROR!
java.lang.IllegalStateException: Failed to load ApplicationContext
Caused by: org.springframework.beans.factory.BeanDefinitionStoreException: Failed to process import candidates for configuration class [org.springframework.boot.autoconfigure.data.jpa.JpaRepositoriesAutoConfiguration]; nested exception is org.springframework.beans.BeanInstantiationException: Failed to instantiate [org.springframework.boot.autoconfigure.data.jpa.JpaRepositoriesAutoConfigureRegistrar]: Unresolvable class definition; nested exception is java.lang.NoClassDefFoundError: org/springframework/data/repository/config/RepositoryConfigurationSource
Caused by: org.springframework.beans.BeanInstantiationException: Failed to instantiate [org.springframework.boot.autoconfigure.data.jpa.JpaRepositoriesAutoConfigureRegistrar]: Unresolvable class definition; nested exception is java.lang.NoClassDefFoundError: org/springframework/data/repository/config/RepositoryConfigurationSource
Caused by: java.lang.NoClassDefFoundError: org/springframework/data/repository/config/RepositoryConfigurationSource
Caused by: java.lang.ClassNotFoundException: org.springframework.data.repository.config.RepositoryConfigurationSource

